c:\users\kirill\documents\visual studio 2015\projects\doodle jump\doodle jump\debug\vc140.pdb
c:\users\kirill\documents\visual studio 2015\projects\doodle jump\doodle jump\debug\vc140.idb
c:\users\kirill\documents\visual studio 2015\projects\doodle jump\doodle jump\debug\entity.obj
c:\users\kirill\documents\visual studio 2015\projects\doodle jump\doodle jump\debug\game.obj
c:\users\kirill\documents\visual studio 2015\projects\doodle jump\doodle jump\debug\gameover.obj
c:\users\kirill\documents\visual studio 2015\projects\doodle jump\doodle jump\debug\hero.obj
c:\users\kirill\documents\visual studio 2015\projects\doodle jump\doodle jump\debug\main.obj
c:\users\kirill\documents\visual studio 2015\projects\doodle jump\doodle jump\debug\menu.obj
c:\users\kirill\documents\visual studio 2015\projects\doodle jump\doodle jump\debug\movingplatform.obj
c:\users\kirill\documents\visual studio 2015\projects\doodle jump\doodle jump\debug\platformfactory.obj
c:\users\kirill\documents\visual studio 2015\projects\doodle jump\doodle jump\debug\score.obj
c:\users\kirill\documents\visual studio 2015\projects\doodle jump\debug\doodle jump.ilk
c:\users\kirill\documents\visual studio 2015\projects\doodle jump\debug\doodle jump.exe
c:\users\kirill\documents\visual studio 2015\projects\doodle jump\debug\doodle jump.pdb
c:\users\kirill\documents\visual studio 2015\projects\doodle jump\doodle jump\debug\doodle jump.tlog\cl.command.1.tlog
c:\users\kirill\documents\visual studio 2015\projects\doodle jump\doodle jump\debug\doodle jump.tlog\cl.read.1.tlog
c:\users\kirill\documents\visual studio 2015\projects\doodle jump\doodle jump\debug\doodle jump.tlog\cl.write.1.tlog
c:\users\kirill\documents\visual studio 2015\projects\doodle jump\doodle jump\debug\doodle jump.tlog\link.command.1.tlog
c:\users\kirill\documents\visual studio 2015\projects\doodle jump\doodle jump\debug\doodle jump.tlog\link.read.1.tlog
c:\users\kirill\documents\visual studio 2015\projects\doodle jump\doodle jump\debug\doodle jump.tlog\link.write.1.tlog
